[2.248s] DEBUG:colcon:Command line arguments: ['/usr/bin/colcon', 'build']
[2.248s] DEBUG:colcon:Parsed command line arguments: Namespace(ament_cmake_args=None, base_paths=['.'], build_base='build', catkin_cmake_args=None, catkin_skip_building_tests=False, cmake_args=None, cmake_clean_cache=False, cmake_clean_first=False, cmake_force_configure=False, cmake_target=None, cmake_target_skip_unavailable=False, continue_on_error=False, event_handlers=None, executor='parallel', ignore_user_meta=False, install_base='install', log_base=None, log_level=None, main=<bound method BuildVerb.main of <colcon_core.verb.build.BuildVerb object at 0x7faa6065b0>>, merge_install=False, metas=['./colcon.meta'], packages_above=None, packages_above_and_dependencies=None, packages_above_depth=None, packages_end=None, packages_ignore=None, packages_ignore_regex=None, packages_select=None, packages_select_build_failed=False, packages_select_by_dep=None, packages_select_regex=None, packages_select_test_failures=False, packages_skip=None, packages_skip_build_finished=False, packages_skip_by_dep=None, packages_skip_regex=None, packages_skip_test_passed=False, packages_skip_up_to=None, packages_start=None, packages_up_to=None, packages_up_to_regex=None, parallel_workers=8, paths=None, symlink_install=False, test_result_base=None, verb_extension=<colcon_core.verb.build.BuildVerb object at 0x7faa6065b0>, verb_name='build', verb_parser=<colcon_defaults.argument_parser.defaults.DefaultArgumentsDecorator object at 0x7faa14c040>)
[2.347s] Level 1:colcon.colcon_core.package_discovery:discover_packages(colcon_meta) check parameters
[2.347s] Level 1:colcon.colcon_core.package_discovery:discover_packages(recursive) check parameters
[2.348s] Level 1:colcon.colcon_core.package_discovery:discover_packages(ignore) check parameters
[2.348s] Level 1:colcon.colcon_core.package_discovery:discover_packages(path) check parameters
[2.348s] Level 1:colcon.colcon_core.package_discovery:discover_packages(colcon_meta) discover
[2.348s] Level 1:colcon.colcon_core.package_discovery:discover_packages(recursive) discover
[2.348s] INFO:colcon.colcon_core.package_discovery:Crawling recursively for packages in '/home/orangepi/ros2_ws/tesserack'
[2.348s] Level 1:colcon.colcon_core.package_identification:_identify(.) by extensions ['ignore', 'ignore_ament_install']
[2.348s] Level 1:colcon.colcon_core.package_identification:_identify(.) by extension 'ignore'
[2.348s] Level 1:colcon.colcon_core.package_identification:_identify(.) by extension 'ignore_ament_install'
[2.348s] Level 1:colcon.colcon_core.package_identification:_identify(.) by extensions ['colcon_pkg']
[2.348s] Level 1:colcon.colcon_core.package_identification:_identify(.) by extension 'colcon_pkg'
[2.348s] Level 1:colcon.colcon_core.package_identification:_identify(.) by extensions ['colcon_meta']
[2.348s] Level 1:colcon.colcon_core.package_identification:_identify(.) by extension 'colcon_meta'
[2.348s] Level 1:colcon.colcon_core.package_identification:_identify(.) by extensions ['ros']
[2.348s] Level 1:colcon.colcon_core.package_identification:_identify(.) by extension 'ros'
[2.368s] DEBUG:colcon.colcon_core.package_identification:Package '.' with type 'ros.ament_python' and name 'tesserack'
[2.368s] Level 1:colcon.colcon_core.package_discovery:discover_packages(recursive) using defaults
[2.368s] Level 1:colcon.colcon_core.package_discovery:discover_packages(ignore) discover
[2.368s] Level 1:colcon.colcon_core.package_discovery:discover_packages(ignore) using defaults
[2.369s] Level 1:colcon.colcon_core.package_discovery:discover_packages(path) discover
[2.369s] Level 1:colcon.colcon_core.package_discovery:discover_packages(path) using defaults
[2.537s] Level 5:colcon.colcon_core.verb:set package 'tesserack' build argument 'cmake_args' from command line to 'None'
[2.537s] Level 5:colcon.colcon_core.verb:set package 'tesserack' build argument 'cmake_target' from command line to 'None'
[2.537s] Level 5:colcon.colcon_core.verb:set package 'tesserack' build argument 'cmake_target_skip_unavailable' from command line to 'False'
[2.537s] Level 5:colcon.colcon_core.verb:set package 'tesserack' build argument 'cmake_clean_cache' from command line to 'False'
[2.537s] Level 5:colcon.colcon_core.verb:set package 'tesserack' build argument 'cmake_clean_first' from command line to 'False'
[2.537s] Level 5:colcon.colcon_core.verb:set package 'tesserack' build argument 'cmake_force_configure' from command line to 'False'
[2.537s] Level 5:colcon.colcon_core.verb:set package 'tesserack' build argument 'ament_cmake_args' from command line to 'None'
[2.537s] Level 5:colcon.colcon_core.verb:set package 'tesserack' build argument 'catkin_cmake_args' from command line to 'None'
[2.537s] Level 5:colcon.colcon_core.verb:set package 'tesserack' build argument 'catkin_skip_building_tests' from command line to 'False'
[2.537s] DEBUG:colcon.colcon_core.verb:Building package 'tesserack' with the following arguments: {'ament_cmake_args': None, 'build_base': '/home/orangepi/ros2_ws/tesserack/build/tesserack', 'catkin_cmake_args': None, 'catkin_skip_building_tests': False, 'cmake_args': None, 'cmake_clean_cache': False, 'cmake_clean_first': False, 'cmake_force_configure': False, 'cmake_target': None, 'cmake_target_skip_unavailable': False, 'install_base': '/home/orangepi/ros2_ws/tesserack/install/tesserack', 'merge_install': False, 'path': '/home/orangepi/ros2_ws/tesserack', 'symlink_install': False, 'test_result_base': None}
[2.574s] INFO:colcon.colcon_core.executor:Executing jobs using 'parallel' executor
[2.611s] DEBUG:colcon.colcon_parallel_executor.executor.parallel:run_until_complete
[2.612s] INFO:colcon.colcon_ros.task.ament_python.build:Building ROS package in '/home/orangepi/ros2_ws/tesserack' with build type 'ament_python'
[2.612s] Level 1:colcon.colcon_core.shell:create_environment_hook('tesserack', 'ament_prefix_path')
[2.653s] INFO:colcon.colcon_core.plugin_system:Skipping extension 'colcon_core.shell.bat': Not used on non-Windows systems
[2.654s] INFO:colcon.colcon_core.shell:Creating environment hook '/home/orangepi/ros2_ws/tesserack/install/tesserack/share/tesserack/hook/ament_prefix_path.ps1'
[2.655s] INFO:colcon.colcon_core.shell:Creating environment descriptor '/home/orangepi/ros2_ws/tesserack/install/tesserack/share/tesserack/hook/ament_prefix_path.dsv'
[2.655s] INFO:colcon.colcon_core.shell:Creating environment hook '/home/orangepi/ros2_ws/tesserack/install/tesserack/share/tesserack/hook/ament_prefix_path.sh'
[2.695s] INFO:colcon.colcon_core.shell:Skip shell extension 'powershell' for command environment: Not usable outside of PowerShell
[2.695s] DEBUG:colcon.colcon_core.shell:Skip shell extension 'dsv' for command environment
[3.171s] INFO:colcon.colcon_core.task.python.build:Building Python package in '/home/orangepi/ros2_ws/tesserack'
[3.213s] INFO:colcon.colcon_core.shell:Skip shell extension 'powershell' for command environment: Not usable outside of PowerShell
[3.213s] DEBUG:colcon.colcon_core.shell:Skip shell extension 'dsv' for command environment
[3.962s] DEBUG:colcon.colcon_core.event_handler.log_command:Invoking command in '/home/orangepi/ros2_ws/tesserack': PYTHONPATH=/home/orangepi/ros2_ws/tesserack/build/tesserack/prefix_override:/home/orangepi/ros2_ws/tesserack/install/tesserack/lib/python3.8/site-packages:${PYTHONPATH} /usr/bin/python3 setup.py egg_info --egg-base build/tesserack build --build-base /home/orangepi/ros2_ws/tesserack/build/tesserack/build install --record /home/orangepi/ros2_ws/tesserack/build/tesserack/install.log --install-scripts $base/lib/tesserack --single-version-externally-managed
[4.365s] DEBUG:colcon.colcon_core.event_handler.log_command:Invoked command in '/home/orangepi/ros2_ws/tesserack' returned '0': PYTHONPATH=/home/orangepi/ros2_ws/tesserack/build/tesserack/prefix_override:/home/orangepi/ros2_ws/tesserack/install/tesserack/lib/python3.8/site-packages:${PYTHONPATH} /usr/bin/python3 setup.py egg_info --egg-base build/tesserack build --build-base /home/orangepi/ros2_ws/tesserack/build/tesserack/build install --record /home/orangepi/ros2_ws/tesserack/build/tesserack/install.log --install-scripts $base/lib/tesserack --single-version-externally-managed
[4.421s] Level 1:colcon.colcon_core.environment:checking '/home/orangepi/ros2_ws/tesserack/install/tesserack' for CMake module files
[4.421s] Level 1:colcon.colcon_core.environment:checking '/home/orangepi/ros2_ws/tesserack/install/tesserack' for CMake config files
[4.422s] Level 1:colcon.colcon_core.environment:checking '/home/orangepi/ros2_ws/tesserack/install/tesserack/lib'
[4.422s] Level 1:colcon.colcon_core.environment:checking '/home/orangepi/ros2_ws/tesserack/install/tesserack/bin'
[4.422s] Level 1:colcon.colcon_core.environment:checking '/home/orangepi/ros2_ws/tesserack/install/tesserack/lib/pkgconfig/tesserack.pc'
[4.423s] Level 1:colcon.colcon_core.environment:checking '/home/orangepi/ros2_ws/tesserack/install/tesserack/lib/python3.8/site-packages'
[4.423s] Level 1:colcon.colcon_core.shell:create_environment_hook('tesserack', 'pythonpath')
[4.462s] INFO:colcon.colcon_core.shell:Creating environment hook '/home/orangepi/ros2_ws/tesserack/install/tesserack/share/tesserack/hook/pythonpath.ps1'
[4.462s] INFO:colcon.colcon_core.shell:Creating environment descriptor '/home/orangepi/ros2_ws/tesserack/install/tesserack/share/tesserack/hook/pythonpath.dsv'
[4.463s] INFO:colcon.colcon_core.shell:Creating environment hook '/home/orangepi/ros2_ws/tesserack/install/tesserack/share/tesserack/hook/pythonpath.sh'
[4.463s] Level 1:colcon.colcon_core.environment:checking '/home/orangepi/ros2_ws/tesserack/install/tesserack/bin'
[4.463s] Level 1:colcon.colcon_core.environment:create_environment_scripts_only(tesserack)
[4.501s] INFO:colcon.colcon_core.shell:Creating package script '/home/orangepi/ros2_ws/tesserack/install/tesserack/share/tesserack/package.ps1'
[4.503s] INFO:colcon.colcon_core.shell:Creating package descriptor '/home/orangepi/ros2_ws/tesserack/install/tesserack/share/tesserack/package.dsv'
[4.504s] INFO:colcon.colcon_core.shell:Creating package script '/home/orangepi/ros2_ws/tesserack/install/tesserack/share/tesserack/package.sh'
[4.505s] INFO:colcon.colcon_core.shell:Creating package script '/home/orangepi/ros2_ws/tesserack/install/tesserack/share/tesserack/package.bash'
[4.506s] INFO:colcon.colcon_core.shell:Creating package script '/home/orangepi/ros2_ws/tesserack/install/tesserack/share/tesserack/package.zsh'
[4.506s] Level 1:colcon.colcon_core.environment:create_file_with_runtime_dependencies(/home/orangepi/ros2_ws/tesserack/install/tesserack/share/colcon-core/packages/tesserack)
[4.507s] DEBUG:colcon.colcon_parallel_executor.executor.parallel:closing loop
[4.507s] DEBUG:colcon.colcon_parallel_executor.executor.parallel:loop closed
[4.508s] DEBUG:colcon.colcon_parallel_executor.executor.parallel:run_until_complete finished with '0'
[4.508s] DEBUG:colcon.colcon_core.event_reactor:joining thread
[4.562s] INFO:colcon.colcon_core.plugin_system:Skipping extension 'colcon_notification.desktop_notification.notify_send': Could not find 'notify-send'
[4.562s] INFO:colcon.colcon_core.plugin_system:Skipping extension 'colcon_notification.desktop_notification.terminal_notifier': Not used on non-Darwin systems
[4.562s] INFO:colcon.colcon_core.plugin_system:Skipping extension 'colcon_notification.desktop_notification.win32': Not used on non-Windows systems
[4.562s] INFO:colcon.colcon_notification.desktop_notification:Sending desktop notification using 'notify2'
[4.584s] DEBUG:colcon.colcon_notification.desktop_notification.notify2:Failed to initialize notify2: org.freedesktop.DBus.Error.ServiceUnknown: The name org.freedesktop.Notifications was not provided by any .service files
[4.584s] DEBUG:colcon.colcon_core.event_reactor:joined thread
[4.633s] INFO:colcon.colcon_core.shell:Creating prefix script '/home/orangepi/ros2_ws/tesserack/install/local_setup.ps1'
[4.634s] INFO:colcon.colcon_core.shell:Creating prefix util module '/home/orangepi/ros2_ws/tesserack/install/_local_setup_util_ps1.py'
[4.636s] INFO:colcon.colcon_core.shell:Creating prefix chain script '/home/orangepi/ros2_ws/tesserack/install/setup.ps1'
[4.675s] INFO:colcon.colcon_core.shell:Creating prefix script '/home/orangepi/ros2_ws/tesserack/install/local_setup.sh'
[4.676s] INFO:colcon.colcon_core.shell:Creating prefix util module '/home/orangepi/ros2_ws/tesserack/install/_local_setup_util_sh.py'
[4.676s] INFO:colcon.colcon_core.shell:Creating prefix chain script '/home/orangepi/ros2_ws/tesserack/install/setup.sh'
[4.715s] INFO:colcon.colcon_core.shell:Creating prefix script '/home/orangepi/ros2_ws/tesserack/install/local_setup.bash'
[4.715s] INFO:colcon.colcon_core.shell:Creating prefix chain script '/home/orangepi/ros2_ws/tesserack/install/setup.bash'
[4.753s] INFO:colcon.colcon_core.shell:Creating prefix script '/home/orangepi/ros2_ws/tesserack/install/local_setup.zsh'
[4.754s] INFO:colcon.colcon_core.shell:Creating prefix chain script '/home/orangepi/ros2_ws/tesserack/install/setup.zsh'
